<?xml version="1.0" encoding="UTF-8"?>
<testsuite xmlns:xsi="http://www.w3.org/2001/XMLSchema-instance" xsi:noNamespaceSchemaLocation="https://maven.apache.org/surefire/maven-surefire-plugin/xsd/surefire-test-report-3.0.xsd" version="3.0" name="com.seuprojeto.PessoaTest" time="0.061" tests="1" errors="0" skipped="0" failures="0">
  <properties>
    <property name="sun.desktop" value="windows"/>
    <property name="awt.toolkit" value="sun.awt.windows.WToolkit"/>
    <property name="file.encoding.pkg" value="sun.io"/>
    <property name="java.specification.version" value="1.8"/>
    <property name="sun.cpu.isalist" value="amd64"/>
    <property name="sun.jnu.encoding" value="Cp1252"/>
    <property name="java.class.path" value="C:\Users\henri\OneDrive\Área de Trabalho\ProgramacaoOrientadaObejtos\Atividade9\projeto-pessoa\target\test-classes;C:\Users\henri\OneDrive\Área de Trabalho\ProgramacaoOrientadaObejtos\Atividade9\projeto-pessoa\target\classes;C:\Users\henri\.m2\repository\junit\junit\4.13.2\junit-4.13.2.jar;C:\Users\henri\.m2\repository\org\hamcrest\hamcrest-core\1.3\hamcrest-core-1.3.jar;"/>
    <property name="java.vm.vendor" value="Oracle Corporation"/>
    <property name="sun.arch.data.model" value="64"/>
    <property name="user.variant" value=""/>
    <property name="java.vendor.url" value="http://java.oracle.com/"/>
    <property name="user.timezone" value="America/Sao_Paulo"/>
    <property name="java.vm.specification.version" value="1.8"/>
    <property name="os.name" value="Windows 10"/>
    <property name="user.country" value="BR"/>
    <property name="sun.java.launcher" value="SUN_STANDARD"/>
    <property name="sun.boot.library.path" value="C:\Program Files\Java\jre1.8.0_351\bin"/>
    <property name="sun.java.command" value="C:\Users\henri\AppData\Local\Temp\surefire5998886846377307501\surefirebooter-20231121185356119_3.jar C:\Users\henri\AppData\Local\Temp\surefire5998886846377307501 2023-11-21T18-53-55_449-jvmRun1 surefire-20231121185356119_1tmp surefire_0-20231121185356119_2tmp"/>
    <property name="surefire.test.class.path" value="C:\Users\henri\OneDrive\Área de Trabalho\ProgramacaoOrientadaObejtos\Atividade9\projeto-pessoa\target\test-classes;C:\Users\henri\OneDrive\Área de Trabalho\ProgramacaoOrientadaObejtos\Atividade9\projeto-pessoa\target\classes;C:\Users\henri\.m2\repository\junit\junit\4.13.2\junit-4.13.2.jar;C:\Users\henri\.m2\repository\org\hamcrest\hamcrest-core\1.3\hamcrest-core-1.3.jar;"/>
    <property name="sun.cpu.endian" value="little"/>
    <property name="user.home" value="C:\Users\henri"/>
    <property name="user.language" value="pt"/>
    <property name="java.specification.vendor" value="Oracle Corporation"/>
    <property name="java.home" value="C:\Program Files\Java\jre1.8.0_351"/>
    <property name="basedir" value="C:\Users\henri\OneDrive\Área de Trabalho\ProgramacaoOrientadaObejtos\Atividade9\projeto-pessoa"/>
    <property name="file.separator" value="\"/>
    <property name="line.separator" value="&#10;"/>
    <property name="java.vm.specification.vendor" value="Oracle Corporation"/>
    <property name="java.specification.name" value="Java Platform API Specification"/>
    <property name="java.awt.graphicsenv" value="sun.awt.Win32GraphicsEnvironment"/>
    <property name="surefire.real.class.path" value="C:\Users\henri\AppData\Local\Temp\surefire5998886846377307501\surefirebooter-20231121185356119_3.jar"/>
    <property name="sun.boot.class.path" value="C:\Program Files\Java\jre1.8.0_351\lib\resources.jar;C:\Program Files\Java\jre1.8.0_351\lib\rt.jar;C:\Program Files\Java\jre1.8.0_351\lib\jsse.jar;C:\Program Files\Java\jre1.8.0_351\lib\jce.jar;C:\Program Files\Java\jre1.8.0_351\lib\charsets.jar;C:\Program Files\Java\jre1.8.0_351\lib\jfr.jar;C:\Program Files\Java\jre1.8.0_351\classes"/>
    <property name="user.script" value=""/>
    <property name="sun.management.compiler" value="HotSpot 64-Bit Tiered Compilers"/>
    <property name="java.runtime.version" value="1.8.0_351-b10"/>
    <property name="user.name" value="henri"/>
    <property name="path.separator" value=";"/>
    <property name="os.version" value="10.0"/>
    <property name="java.endorsed.dirs" value="C:\Program Files\Java\jre1.8.0_351\lib\endorsed"/>
    <property name="java.runtime.name" value="Java(TM) SE Runtime Environment"/>
    <property name="file.encoding" value="Cp1252"/>
    <property name="java.vm.name" value="Java HotSpot(TM) 64-Bit Server VM"/>
    <property name="localRepository" value="C:\Users\henri\.m2\repository"/>
    <property name="java.vendor.url.bug" value="http://bugreport.sun.com/bugreport/"/>
    <property name="java.io.tmpdir" value="C:\Users\henri\AppData\Local\Temp\"/>
    <property name="java.version" value="1.8.0_351"/>
    <property name="user.dir" value="C:\Users\henri\OneDrive\Área de Trabalho\ProgramacaoOrientadaObejtos\Atividade9\projeto-pessoa"/>
    <property name="os.arch" value="amd64"/>
    <property name="java.vm.specification.name" value="Java Virtual Machine Specification"/>
    <property name="java.awt.printerjob" value="sun.awt.windows.WPrinterJob"/>
    <property name="sun.os.patch.level" value=""/>
    <property name="java.library.path" value="C:\Program Files\Java\jre1.8.0_351\bin;C:\Windows\Sun\Java\bin;C:\Windows\system32;C:\Windows;C:\Program Files (x86)\Common Files\Oracle\Java\javapath;C:\Windows\system32;C:\Windows;C:\Windows\System32\Wbem;C:\Windows\System32\WindowsPowerShell\v1.0\;C:\Windows\System32\OpenSSH\;D:\Git\cmd;C:\Users\henrique\AppData\Local\Programs\Python\Python311\python.exe;C:\ProgramData\chocolatey\bin;C:\Program Files\NVIDIA Corporation\NVIDIA NvDLISR;C:\Program Files (x86)\NVIDIA Corporation\PhysX\Common;C:\Program Files\nodejs\;C:\msys64\mingw64\bin;C:\maven\apache-maven-3.9.5\bin;C:\Users\henri\AppData\Local\Programs\Python\Python311\Scripts\;C:\Users\henri\AppData\Local\Programs\Python\Python311\;C:\Users\henri\AppData\Local\Microsoft\WindowsApps;;D:\Microsoft VS Code\bin;C:\Users\henri\.fly\bin;C:\Users\henri\AppData\Roaming\npm;."/>
    <property name="java.vm.info" value="mixed mode"/>
    <property name="java.vendor" value="Oracle Corporation"/>
    <property name="java.vm.version" value="25.351-b10"/>
    <property name="java.specification.maintenance.version" value="4"/>
    <property name="java.ext.dirs" value="C:\Program Files\Java\jre1.8.0_351\lib\ext;C:\Windows\Sun\Java\lib\ext"/>
    <property name="sun.io.unicode.encoding" value="UnicodeLittle"/>
    <property name="java.class.version" value="52.0"/>
  </properties>
  <testcase name="testDizerOla" classname="com.seuprojeto.PessoaTest" time="0.005"/>
</testsuite>